[0.008s] Invoking command in '/home/maffin21/ydlidar_ws/build/ydlidar_ros2_driver': CMAKE_PREFIX_PATH=${CMAKE_PREFIX_PATH}:/opt/ros/humble /usr/bin/cmake --build /home/maffin21/ydlidar_ws/build/ydlidar_ros2_driver -- -j12 -l12
[0.047s] [35m[1mConsolidate compiler generated dependencies of target ydlidar_ros2_driver_node[0m
[0.058s] [ 50%] Built target ydlidar_ros2_driver_client
[0.061s] [ 75%] [32mBuilding CXX object CMakeFiles/ydlidar_ros2_driver_node.dir/src/ydlidar_ros2_driver_node.cpp.o[0m
[1.924s] [01m[K/home/maffin21/ydlidar_ws/src/ydlidar_ros2_driver/src/ydlidar_ros2_driver_node.cpp:[m[K In function ‘[01m[Kint main(int, char**)[m[K’:
[1.925s] [01m[K/home/maffin21/ydlidar_ws/src/ydlidar_ros2_driver/src/ydlidar_ros2_driver_node.cpp:60:8:[m[K [01;35m[Kwarning: [m[Kunused variable ‘[01m[Kinvalid_range_is_inf[m[K’ [[01;35m[K]8;;https://gcc.gnu.org/onlinedocs/gcc/Warning-Options.html#index-Wunused-variable-Wunused-variable]8;;[m[K]
[1.925s]    60 |   bool [01;35m[Kinvalid_range_is_inf[m[K = node->declare_parameter<bool>("invalid_range_is_inf", false);
[1.925s]       |        [01;35m[K^~~~~~~~~~~~~~~~~~~~[m[K
[3.742s] [100%] [32m[1mLinking CXX executable ydlidar_ros2_driver_node[0m
[3.957s] [100%] Built target ydlidar_ros2_driver_node
[3.967s] Invoked command in '/home/maffin21/ydlidar_ws/build/ydlidar_ros2_driver' returned '0': CMAKE_PREFIX_PATH=${CMAKE_PREFIX_PATH}:/opt/ros/humble /usr/bin/cmake --build /home/maffin21/ydlidar_ws/build/ydlidar_ros2_driver -- -j12 -l12
[3.975s] Invoking command in '/home/maffin21/ydlidar_ws/build/ydlidar_ros2_driver': CMAKE_PREFIX_PATH=${CMAKE_PREFIX_PATH}:/opt/ros/humble /usr/bin/cmake --install /home/maffin21/ydlidar_ws/build/ydlidar_ros2_driver
[3.981s] -- Install configuration: ""
[3.981s] -- Execute custom install script
[3.981s] -- Up-to-date symlink: /home/maffin21/ydlidar_ws/install/ydlidar_ros2_driver/lib/ydlidar_ros2_driver/ydlidar_ros2_driver_node
[3.981s] -- Up-to-date symlink: /home/maffin21/ydlidar_ws/install/ydlidar_ros2_driver/lib/ydlidar_ros2_driver/ydlidar_ros2_driver_client
[3.982s] -- Up-to-date symlink: /home/maffin21/ydlidar_ws/install/ydlidar_ros2_driver/share/ydlidar_ros2_driver/launch/ydlidar.py
[3.982s] -- Up-to-date symlink: /home/maffin21/ydlidar_ws/install/ydlidar_ros2_driver/share/ydlidar_ros2_driver/launch/ydlidar_launch.py
[3.982s] -- Up-to-date symlink: /home/maffin21/ydlidar_ws/install/ydlidar_ros2_driver/share/ydlidar_ros2_driver/launch/ydlidar_launch_view.py
[3.982s] -- Up-to-date symlink: /home/maffin21/ydlidar_ws/install/ydlidar_ros2_driver/share/ydlidar_ros2_driver/params/G1.yaml
[3.982s] -- Up-to-date symlink: /home/maffin21/ydlidar_ws/install/ydlidar_ros2_driver/share/ydlidar_ros2_driver/params/G2.yaml
[3.982s] -- Up-to-date symlink: /home/maffin21/ydlidar_ws/install/ydlidar_ros2_driver/share/ydlidar_ros2_driver/params/G6.yaml
[3.982s] -- Up-to-date symlink: /home/maffin21/ydlidar_ws/install/ydlidar_ros2_driver/share/ydlidar_ros2_driver/params/GS2.yaml
[3.982s] -- Up-to-date symlink: /home/maffin21/ydlidar_ws/install/ydlidar_ros2_driver/share/ydlidar_ros2_driver/params/TEA.yaml
[3.982s] -- Up-to-date symlink: /home/maffin21/ydlidar_ws/install/ydlidar_ros2_driver/share/ydlidar_ros2_driver/params/TG.yaml
[3.982s] -- Up-to-date symlink: /home/maffin21/ydlidar_ws/install/ydlidar_ros2_driver/share/ydlidar_ros2_driver/params/TminiPro.yaml
[3.982s] -- Up-to-date symlink: /home/maffin21/ydlidar_ws/install/ydlidar_ros2_driver/share/ydlidar_ros2_driver/params/X2.yaml
[3.983s] -- Up-to-date symlink: /home/maffin21/ydlidar_ws/install/ydlidar_ros2_driver/share/ydlidar_ros2_driver/params/X4-Pro.yaml
[3.983s] -- Up-to-date symlink: /home/maffin21/ydlidar_ws/install/ydlidar_ros2_driver/share/ydlidar_ros2_driver/params/X4.yaml
[3.983s] -- Up-to-date symlink: /home/maffin21/ydlidar_ws/install/ydlidar_ros2_driver/share/ydlidar_ros2_driver/params/ydlidar.yaml
[3.983s] -- Up-to-date symlink: /home/maffin21/ydlidar_ws/install/ydlidar_ros2_driver/share/ydlidar_ros2_driver/startup/initenv.sh
[3.983s] -- Up-to-date symlink: /home/maffin21/ydlidar_ws/install/ydlidar_ros2_driver/share/ydlidar_ros2_driver/config/ydlidar.rviz
[3.983s] -- Up-to-date symlink: /home/maffin21/ydlidar_ws/install/ydlidar_ros2_driver/share/ament_index/resource_index/package_run_dependencies/ydlidar_ros2_driver
[3.984s] -- Up-to-date symlink: /home/maffin21/ydlidar_ws/install/ydlidar_ros2_driver/share/ament_index/resource_index/parent_prefix_path/ydlidar_ros2_driver
[3.984s] -- Up-to-date symlink: /home/maffin21/ydlidar_ws/install/ydlidar_ros2_driver/share/ydlidar_ros2_driver/environment/ament_prefix_path.sh
[3.984s] -- Up-to-date symlink: /home/maffin21/ydlidar_ws/install/ydlidar_ros2_driver/share/ydlidar_ros2_driver/environment/ament_prefix_path.dsv
[3.984s] -- Up-to-date symlink: /home/maffin21/ydlidar_ws/install/ydlidar_ros2_driver/share/ydlidar_ros2_driver/environment/path.sh
[3.984s] -- Up-to-date symlink: /home/maffin21/ydlidar_ws/install/ydlidar_ros2_driver/share/ydlidar_ros2_driver/environment/path.dsv
[3.984s] -- Up-to-date symlink: /home/maffin21/ydlidar_ws/install/ydlidar_ros2_driver/share/ydlidar_ros2_driver/local_setup.bash
[3.984s] -- Up-to-date symlink: /home/maffin21/ydlidar_ws/install/ydlidar_ros2_driver/share/ydlidar_ros2_driver/local_setup.sh
[3.984s] -- Up-to-date symlink: /home/maffin21/ydlidar_ws/install/ydlidar_ros2_driver/share/ydlidar_ros2_driver/local_setup.zsh
[3.984s] -- Up-to-date symlink: /home/maffin21/ydlidar_ws/install/ydlidar_ros2_driver/share/ydlidar_ros2_driver/local_setup.dsv
[3.985s] -- Symlinking: /home/maffin21/ydlidar_ws/install/ydlidar_ros2_driver/share/ydlidar_ros2_driver/package.dsv
[3.991s] -- Up-to-date symlink: /home/maffin21/ydlidar_ws/install/ydlidar_ros2_driver/share/ament_index/resource_index/packages/ydlidar_ros2_driver
[3.992s] -- Up-to-date symlink: /home/maffin21/ydlidar_ws/install/ydlidar_ros2_driver/share/ydlidar_ros2_driver/cmake/ydlidar_ros2_driverConfig.cmake
[3.992s] -- Up-to-date symlink: /home/maffin21/ydlidar_ws/install/ydlidar_ros2_driver/share/ydlidar_ros2_driver/cmake/ydlidar_ros2_driverConfig-version.cmake
[3.992s] -- Up-to-date symlink: /home/maffin21/ydlidar_ws/install/ydlidar_ros2_driver/share/ydlidar_ros2_driver/package.xml
[3.993s] Invoked command in '/home/maffin21/ydlidar_ws/build/ydlidar_ros2_driver' returned '0': CMAKE_PREFIX_PATH=${CMAKE_PREFIX_PATH}:/opt/ros/humble /usr/bin/cmake --install /home/maffin21/ydlidar_ws/build/ydlidar_ros2_driver
