[0.008s] Invoking command in '/home/maffin21/ydlidar_ws/build/ydlidar_ros2_driver': CMAKE_PREFIX_PATH=${CMAKE_PREFIX_PATH}:/opt/ros/humble /usr/bin/cmake --build /home/maffin21/ydlidar_ws/build/ydlidar_ros2_driver -- -j12 -l12
[0.047s] [35m[1mConsolidate compiler generated dependencies of target ydlidar_ros2_driver_node[0m
[0.059s] [ 50%] Built target ydlidar_ros2_driver_client
[0.061s] [100%] Built target ydlidar_ros2_driver_node
[0.070s] Invoked command in '/home/maffin21/ydlidar_ws/build/ydlidar_ros2_driver' returned '0': CMAKE_PREFIX_PATH=${CMAKE_PREFIX_PATH}:/opt/ros/humble /usr/bin/cmake --build /home/maffin21/ydlidar_ws/build/ydlidar_ros2_driver -- -j12 -l12
[0.078s] Invoking command in '/home/maffin21/ydlidar_ws/build/ydlidar_ros2_driver': CMAKE_PREFIX_PATH=${CMAKE_PREFIX_PATH}:/opt/ros/humble /usr/bin/cmake --install /home/maffin21/ydlidar_ws/build/ydlidar_ros2_driver
[0.084s] -- Install configuration: ""
[0.084s] -- Execute custom install script
[0.084s] -- Up-to-date symlink: /home/maffin21/ydlidar_ws/install/ydlidar_ros2_driver/lib/ydlidar_ros2_driver/ydlidar_ros2_driver_node
[0.084s] -- Up-to-date symlink: /home/maffin21/ydlidar_ws/install/ydlidar_ros2_driver/lib/ydlidar_ros2_driver/ydlidar_ros2_driver_client
[0.085s] -- Up-to-date symlink: /home/maffin21/ydlidar_ws/install/ydlidar_ros2_driver/share/ydlidar_ros2_driver/launch/ydlidar.py
[0.085s] -- Symlinking: /home/maffin21/ydlidar_ws/install/ydlidar_ros2_driver/share/ydlidar_ros2_driver/launch/ydlidar_cartographer.launch.py
[0.092s] -- Up-to-date symlink: /home/maffin21/ydlidar_ws/install/ydlidar_ros2_driver/share/ydlidar_ros2_driver/launch/ydlidar_launch.py
[0.092s] -- Up-to-date symlink: /home/maffin21/ydlidar_ws/install/ydlidar_ros2_driver/share/ydlidar_ros2_driver/launch/ydlidar_launch_view.py
[0.092s] -- Up-to-date symlink: /home/maffin21/ydlidar_ws/install/ydlidar_ros2_driver/share/ydlidar_ros2_driver/params/G1.yaml
[0.092s] -- Up-to-date symlink: /home/maffin21/ydlidar_ws/install/ydlidar_ros2_driver/share/ydlidar_ros2_driver/params/G2.yaml
[0.092s] -- Up-to-date symlink: /home/maffin21/ydlidar_ws/install/ydlidar_ros2_driver/share/ydlidar_ros2_driver/params/G6.yaml
[0.093s] -- Up-to-date symlink: /home/maffin21/ydlidar_ws/install/ydlidar_ros2_driver/share/ydlidar_ros2_driver/params/GS2.yaml
[0.093s] -- Up-to-date symlink: /home/maffin21/ydlidar_ws/install/ydlidar_ros2_driver/share/ydlidar_ros2_driver/params/TEA.yaml
[0.093s] -- Up-to-date symlink: /home/maffin21/ydlidar_ws/install/ydlidar_ros2_driver/share/ydlidar_ros2_driver/params/TG.yaml
[0.093s] -- Up-to-date symlink: /home/maffin21/ydlidar_ws/install/ydlidar_ros2_driver/share/ydlidar_ros2_driver/params/TminiPro.yaml
[0.093s] -- Up-to-date symlink: /home/maffin21/ydlidar_ws/install/ydlidar_ros2_driver/share/ydlidar_ros2_driver/params/X2.yaml
[0.093s] -- Up-to-date symlink: /home/maffin21/ydlidar_ws/install/ydlidar_ros2_driver/share/ydlidar_ros2_driver/params/X4-Pro.yaml
[0.093s] -- Up-to-date symlink: /home/maffin21/ydlidar_ws/install/ydlidar_ros2_driver/share/ydlidar_ros2_driver/params/X4.yaml
[0.093s] -- Up-to-date symlink: /home/maffin21/ydlidar_ws/install/ydlidar_ros2_driver/share/ydlidar_ros2_driver/params/ydlidar.yaml
[0.094s] -- Up-to-date symlink: /home/maffin21/ydlidar_ws/install/ydlidar_ros2_driver/share/ydlidar_ros2_driver/startup/initenv.sh
[0.094s] -- Symlinking: /home/maffin21/ydlidar_ws/install/ydlidar_ros2_driver/share/ydlidar_ros2_driver/config/cartographer.rviz
[0.101s] -- Up-to-date symlink: /home/maffin21/ydlidar_ws/install/ydlidar_ros2_driver/share/ydlidar_ros2_driver/config/ydlidar.rviz
[0.101s] -- Symlinking: /home/maffin21/ydlidar_ws/install/ydlidar_ros2_driver/share/ydlidar_ros2_driver/config/ydlidar_2d.lua
[0.108s] -- Up-to-date symlink: /home/maffin21/ydlidar_ws/install/ydlidar_ros2_driver/share/ament_index/resource_index/package_run_dependencies/ydlidar_ros2_driver
[0.108s] -- Up-to-date symlink: /home/maffin21/ydlidar_ws/install/ydlidar_ros2_driver/share/ament_index/resource_index/parent_prefix_path/ydlidar_ros2_driver
[0.108s] -- Up-to-date symlink: /home/maffin21/ydlidar_ws/install/ydlidar_ros2_driver/share/ydlidar_ros2_driver/environment/ament_prefix_path.sh
[0.108s] -- Up-to-date symlink: /home/maffin21/ydlidar_ws/install/ydlidar_ros2_driver/share/ydlidar_ros2_driver/environment/ament_prefix_path.dsv
[0.109s] -- Up-to-date symlink: /home/maffin21/ydlidar_ws/install/ydlidar_ros2_driver/share/ydlidar_ros2_driver/environment/path.sh
[0.109s] -- Up-to-date symlink: /home/maffin21/ydlidar_ws/install/ydlidar_ros2_driver/share/ydlidar_ros2_driver/environment/path.dsv
[0.109s] -- Up-to-date symlink: /home/maffin21/ydlidar_ws/install/ydlidar_ros2_driver/share/ydlidar_ros2_driver/local_setup.bash
[0.109s] -- Up-to-date symlink: /home/maffin21/ydlidar_ws/install/ydlidar_ros2_driver/share/ydlidar_ros2_driver/local_setup.sh
[0.109s] -- Up-to-date symlink: /home/maffin21/ydlidar_ws/install/ydlidar_ros2_driver/share/ydlidar_ros2_driver/local_setup.zsh
[0.109s] -- Up-to-date symlink: /home/maffin21/ydlidar_ws/install/ydlidar_ros2_driver/share/ydlidar_ros2_driver/local_setup.dsv
[0.109s] -- Symlinking: /home/maffin21/ydlidar_ws/install/ydlidar_ros2_driver/share/ydlidar_ros2_driver/package.dsv
[0.118s] -- Up-to-date symlink: /home/maffin21/ydlidar_ws/install/ydlidar_ros2_driver/share/ament_index/resource_index/packages/ydlidar_ros2_driver
[0.119s] -- Up-to-date symlink: /home/maffin21/ydlidar_ws/install/ydlidar_ros2_driver/share/ydlidar_ros2_driver/cmake/ydlidar_ros2_driverConfig.cmake
[0.119s] -- Up-to-date symlink: /home/maffin21/ydlidar_ws/install/ydlidar_ros2_driver/share/ydlidar_ros2_driver/cmake/ydlidar_ros2_driverConfig-version.cmake
[0.119s] -- Up-to-date symlink: /home/maffin21/ydlidar_ws/install/ydlidar_ros2_driver/share/ydlidar_ros2_driver/package.xml
[0.121s] Invoked command in '/home/maffin21/ydlidar_ws/build/ydlidar_ros2_driver' returned '0': CMAKE_PREFIX_PATH=${CMAKE_PREFIX_PATH}:/opt/ros/humble /usr/bin/cmake --install /home/maffin21/ydlidar_ws/build/ydlidar_ros2_driver
