[0.008s] Invoking command in '/home/maffin21/ydlidar_ws/build/ydlidar_ros2_driver': CMAKE_PREFIX_PATH=${CMAKE_PREFIX_PATH}:/opt/ros/humble /usr/bin/cmake /home/maffin21/ydlidar_ws/src/ydlidar_ros2_driver -DCMAKE_INSTALL_PREFIX=/home/maffin21/ydlidar_ws/install/ydlidar_ros2_driver
[0.018s] -- Found ament_cmake: 1.3.11 (/opt/ros/humble/share/ament_cmake/cmake)
[0.104s] -- Override CMake install command with custom implementation using symlinks instead of copying resources
[0.109s] -- Found rclcpp: 16.0.12 (/opt/ros/humble/share/rclcpp/cmake)
[0.130s] -- Found rosidl_generator_c: 3.1.6 (/opt/ros/humble/share/rosidl_generator_c/cmake)
[0.132s] -- Found rosidl_adapter: 3.1.6 (/opt/ros/humble/share/rosidl_adapter/cmake)
[0.136s] -- Found rosidl_generator_cpp: 3.1.6 (/opt/ros/humble/share/rosidl_generator_cpp/cmake)
[0.143s] -- Using all available rosidl_typesupport_c: rosidl_typesupport_fastrtps_c;rosidl_typesupport_introspection_c
[0.151s] -- Using all available rosidl_typesupport_cpp: rosidl_typesupport_fastrtps_cpp;rosidl_typesupport_introspection_cpp
[0.174s] -- Found rmw_implementation_cmake: 6.1.2 (/opt/ros/humble/share/rmw_implementation_cmake/cmake)
[0.175s] -- Found rmw_fastrtps_cpp: 6.2.7 (/opt/ros/humble/share/rmw_fastrtps_cpp/cmake)
[0.253s] -- Using RMW implementation 'rmw_fastrtps_cpp' as default
[0.287s] -- Found sensor_msgs: 4.8.0 (/opt/ros/humble/share/sensor_msgs/cmake)
[0.307s] -- Found visualization_msgs: 4.8.0 (/opt/ros/humble/share/visualization_msgs/cmake)
[0.321s] -- Found std_srvs: 4.8.0 (/opt/ros/humble/share/std_srvs/cmake)
[0.330s] -- Found ament_lint_auto: 0.12.12 (/opt/ros/humble/share/ament_lint_auto/cmake)
[0.381s] -- Added test 'copyright' to check source files copyright and LICENSE
[0.385s] -- Added test 'cppcheck' to perform static code analysis on C / C++ code
[0.385s] -- Configured cppcheck include dirs: /home/maffin21/ydlidar_ws/src/ydlidar_ros2_driver/src
[0.385s] -- Configured cppcheck exclude dirs and/or files: 
[0.388s] -- Added test 'cpplint' to check C / C++ code against the Google style
[0.388s] -- Configured cpplint exclude dirs and/or files: 
[0.389s] -- Added test 'flake8' to check Python code syntax and style conventions
[0.390s] -- Added test 'lint_cmake' to check CMake code style
[0.390s] -- Added test 'pep257' to check Python code against some of the docstring style conventions in PEP 257
[0.394s] -- Added test 'uncrustify' to check C / C++ code style
[0.394s] -- Configured uncrustify additional arguments: 
[0.394s] -- Added test 'xmllint' to check XML markup files
[0.395s] -- Configuring done
[0.407s] -- Generating done
[0.411s] -- Build files have been written to: /home/maffin21/ydlidar_ws/build/ydlidar_ros2_driver
[0.418s] Invoked command in '/home/maffin21/ydlidar_ws/build/ydlidar_ros2_driver' returned '0': CMAKE_PREFIX_PATH=${CMAKE_PREFIX_PATH}:/opt/ros/humble /usr/bin/cmake /home/maffin21/ydlidar_ws/src/ydlidar_ros2_driver -DCMAKE_INSTALL_PREFIX=/home/maffin21/ydlidar_ws/install/ydlidar_ros2_driver
[0.419s] Invoking command in '/home/maffin21/ydlidar_ws/build/ydlidar_ros2_driver': CMAKE_PREFIX_PATH=${CMAKE_PREFIX_PATH}:/opt/ros/humble /usr/bin/cmake --build /home/maffin21/ydlidar_ws/build/ydlidar_ros2_driver -- -j12 -l12
[0.454s] [35m[1mConsolidate compiler generated dependencies of target ydlidar_ros2_driver_node[0m
[0.454s] [35m[1mConsolidate compiler generated dependencies of target ydlidar_ros2_driver_client[0m
[0.468s] [100%] Built target ydlidar_ros2_driver_node
[0.468s] [100%] Built target ydlidar_ros2_driver_client
[0.477s] Invoked command in '/home/maffin21/ydlidar_ws/build/ydlidar_ros2_driver' returned '0': CMAKE_PREFIX_PATH=${CMAKE_PREFIX_PATH}:/opt/ros/humble /usr/bin/cmake --build /home/maffin21/ydlidar_ws/build/ydlidar_ros2_driver -- -j12 -l12
[0.485s] Invoking command in '/home/maffin21/ydlidar_ws/build/ydlidar_ros2_driver': CMAKE_PREFIX_PATH=${CMAKE_PREFIX_PATH}:/opt/ros/humble /usr/bin/cmake --install /home/maffin21/ydlidar_ws/build/ydlidar_ros2_driver
[0.490s] -- Install configuration: ""
[0.490s] -- Execute custom install script
[0.491s] -- Up-to-date symlink: /home/maffin21/ydlidar_ws/install/ydlidar_ros2_driver/lib/ydlidar_ros2_driver/ydlidar_ros2_driver_node
[0.491s] -- Up-to-date symlink: /home/maffin21/ydlidar_ws/install/ydlidar_ros2_driver/lib/ydlidar_ros2_driver/ydlidar_ros2_driver_client
[0.491s] -- Up-to-date symlink: /home/maffin21/ydlidar_ws/install/ydlidar_ros2_driver/share/ydlidar_ros2_driver/launch/ydlidar.py
[0.491s] -- Up-to-date symlink: /home/maffin21/ydlidar_ws/install/ydlidar_ros2_driver/share/ydlidar_ros2_driver/launch/ydlidar_launch.py
[0.491s] -- Up-to-date symlink: /home/maffin21/ydlidar_ws/install/ydlidar_ros2_driver/share/ydlidar_ros2_driver/launch/ydlidar_launch_view.py
[0.491s] -- Up-to-date symlink: /home/maffin21/ydlidar_ws/install/ydlidar_ros2_driver/share/ydlidar_ros2_driver/params/G1.yaml
[0.491s] -- Up-to-date symlink: /home/maffin21/ydlidar_ws/install/ydlidar_ros2_driver/share/ydlidar_ros2_driver/params/G2.yaml
[0.491s] -- Up-to-date symlink: /home/maffin21/ydlidar_ws/install/ydlidar_ros2_driver/share/ydlidar_ros2_driver/params/G6.yaml
[0.492s] -- Up-to-date symlink: /home/maffin21/ydlidar_ws/install/ydlidar_ros2_driver/share/ydlidar_ros2_driver/params/GS2.yaml
[0.492s] -- Up-to-date symlink: /home/maffin21/ydlidar_ws/install/ydlidar_ros2_driver/share/ydlidar_ros2_driver/params/TEA.yaml
[0.492s] -- Up-to-date symlink: /home/maffin21/ydlidar_ws/install/ydlidar_ros2_driver/share/ydlidar_ros2_driver/params/TG.yaml
[0.492s] -- Up-to-date symlink: /home/maffin21/ydlidar_ws/install/ydlidar_ros2_driver/share/ydlidar_ros2_driver/params/TminiPro.yaml
[0.492s] -- Up-to-date symlink: /home/maffin21/ydlidar_ws/install/ydlidar_ros2_driver/share/ydlidar_ros2_driver/params/X2.yaml
[0.492s] -- Up-to-date symlink: /home/maffin21/ydlidar_ws/install/ydlidar_ros2_driver/share/ydlidar_ros2_driver/params/X4-Pro.yaml
[0.492s] -- Up-to-date symlink: /home/maffin21/ydlidar_ws/install/ydlidar_ros2_driver/share/ydlidar_ros2_driver/params/X4.yaml
[0.492s] -- Up-to-date symlink: /home/maffin21/ydlidar_ws/install/ydlidar_ros2_driver/share/ydlidar_ros2_driver/params/ydlidar.yaml
[0.492s] -- Up-to-date symlink: /home/maffin21/ydlidar_ws/install/ydlidar_ros2_driver/share/ydlidar_ros2_driver/startup/initenv.sh
[0.492s] -- Up-to-date symlink: /home/maffin21/ydlidar_ws/install/ydlidar_ros2_driver/share/ydlidar_ros2_driver/config/ydlidar.rviz
[0.493s] -- Up-to-date symlink: /home/maffin21/ydlidar_ws/install/ydlidar_ros2_driver/share/ament_index/resource_index/package_run_dependencies/ydlidar_ros2_driver
[0.493s] -- Up-to-date symlink: /home/maffin21/ydlidar_ws/install/ydlidar_ros2_driver/share/ament_index/resource_index/parent_prefix_path/ydlidar_ros2_driver
[0.493s] -- Up-to-date symlink: /home/maffin21/ydlidar_ws/install/ydlidar_ros2_driver/share/ydlidar_ros2_driver/environment/ament_prefix_path.sh
[0.493s] -- Up-to-date symlink: /home/maffin21/ydlidar_ws/install/ydlidar_ros2_driver/share/ydlidar_ros2_driver/environment/ament_prefix_path.dsv
[0.493s] -- Up-to-date symlink: /home/maffin21/ydlidar_ws/install/ydlidar_ros2_driver/share/ydlidar_ros2_driver/environment/path.sh
[0.493s] -- Up-to-date symlink: /home/maffin21/ydlidar_ws/install/ydlidar_ros2_driver/share/ydlidar_ros2_driver/environment/path.dsv
[0.493s] -- Up-to-date symlink: /home/maffin21/ydlidar_ws/install/ydlidar_ros2_driver/share/ydlidar_ros2_driver/local_setup.bash
[0.493s] -- Up-to-date symlink: /home/maffin21/ydlidar_ws/install/ydlidar_ros2_driver/share/ydlidar_ros2_driver/local_setup.sh
[0.493s] -- Up-to-date symlink: /home/maffin21/ydlidar_ws/install/ydlidar_ros2_driver/share/ydlidar_ros2_driver/local_setup.zsh
[0.493s] -- Up-to-date symlink: /home/maffin21/ydlidar_ws/install/ydlidar_ros2_driver/share/ydlidar_ros2_driver/local_setup.dsv
[0.494s] -- Symlinking: /home/maffin21/ydlidar_ws/install/ydlidar_ros2_driver/share/ydlidar_ros2_driver/package.dsv
[0.500s] -- Up-to-date symlink: /home/maffin21/ydlidar_ws/install/ydlidar_ros2_driver/share/ament_index/resource_index/packages/ydlidar_ros2_driver
[0.501s] -- Up-to-date symlink: /home/maffin21/ydlidar_ws/install/ydlidar_ros2_driver/share/ydlidar_ros2_driver/cmake/ydlidar_ros2_driverConfig.cmake
[0.501s] -- Up-to-date symlink: /home/maffin21/ydlidar_ws/install/ydlidar_ros2_driver/share/ydlidar_ros2_driver/cmake/ydlidar_ros2_driverConfig-version.cmake
[0.501s] -- Up-to-date symlink: /home/maffin21/ydlidar_ws/install/ydlidar_ros2_driver/share/ydlidar_ros2_driver/package.xml
[0.503s] Invoked command in '/home/maffin21/ydlidar_ws/build/ydlidar_ros2_driver' returned '0': CMAKE_PREFIX_PATH=${CMAKE_PREFIX_PATH}:/opt/ros/humble /usr/bin/cmake --install /home/maffin21/ydlidar_ws/build/ydlidar_ros2_driver
